<?xml version="1.0" encoding="UTF-8"?>
<testsuite xmlns:xsi="http://www.w3.org/2001/XMLSchema-instance" xsi:noNamespaceSchemaLocation="https://maven.apache.org/surefire/maven-surefire-plugin/xsd/surefire-test-report-3.0.xsd" version="3.0" name="cz.muni.fi.userservice.UserServiceApplicationTests" time="4.285" tests="1" errors="0" skipped="0" failures="0">
  <properties>
[...]
</properties>
  <testcase name="contextLoads" classname="cz.muni.fi.userservice.UserServiceApplicationTests" time="0.013">
    <system-out><![CDATA[12:58:30.345 [main] INFO org.springframework.test.context.support.AnnotationConfigContextLoaderUtils -- Could not detect default configuration classes for test class [cz.muni.fi.userservice.UserServiceApplicationTests]: UserServiceApplicationTests does not declare any static, non-private, non-final, nested classes annotated with @Configuration.
12:58:30.420 [main] INFO org.springframework.boot.test.context.SpringBootTestContextBootstrapper -- Found @SpringBootConfiguration cz.muni.fi.userservice.UserServiceApplication for test class cz.muni.fi.userservice.UserServiceApplicationTests

  .   ____          _            __ _ _
 /\\ / ___'_ __ _ _(_)_ __  __ _ \ \ \ \
( ( )\___ | '_ | '_| | '_ \/ _` | \ \ \ \
 \\/  ___)| |_)| | | | | || (_| |  ) ) ) )
  '  |____| .__|_| |_|_| |_\__, | / / / /
 =========|_|==============|___/=/_/_/_/
 :: Spring Boot ::                (v3.1.5)

2023-10-26T12:58:30.756+02:00  INFO 79630 --- [           main] c.m.f.u.UserServiceApplicationTests      : Starting UserServiceApplicationTests using Java 17.0.8 with PID 79630 (started by khermano in /home/khermano/School/eshop-project-springboot/userService)
2023-10-26T12:58:30.758+02:00  INFO 79630 --- [           main] c.m.f.u.UserServiceApplicationTests      : No active profile set, falling back to 1 default profile: "default"
2023-10-26T12:58:31.427+02:00  INFO 79630 --- [           main] .s.d.r.c.RepositoryConfigurationDelegate : Bootstrapping Spring Data JPA repositories in DEFAULT mode.
2023-10-26T12:58:31.510+02:00  INFO 79630 --- [           main] .s.d.r.c.RepositoryConfigurationDelegate : Finished Spring Data repository scanning in 74 ms. Found 1 JPA repository interfaces.
2023-10-26T12:58:31.985+02:00  INFO 79630 --- [           main] com.zaxxer.hikari.HikariDataSource       : HikariPool-1 - Starting...
2023-10-26T12:58:32.192+02:00  INFO 79630 --- [           main] com.zaxxer.hikari.pool.HikariPool        : HikariPool-1 - Added connection conn0: url=jdbc:h2:mem:1aa07f93-0308-4c2f-ab62-0c3c486038c8 user=SA
2023-10-26T12:58:32.194+02:00  INFO 79630 --- [           main] com.zaxxer.hikari.HikariDataSource       : HikariPool-1 - Start completed.
2023-10-26T12:58:32.252+02:00  INFO 79630 --- [           main] o.hibernate.jpa.internal.util.LogHelper  : HHH000204: Processing PersistenceUnitInfo [name: default]
2023-10-26T12:58:32.306+02:00  INFO 79630 --- [           main] org.hibernate.Version                    : HHH000412: Hibernate ORM core version 6.2.13.Final
2023-10-26T12:58:32.309+02:00  INFO 79630 --- [           main] org.hibernate.cfg.Environment            : HHH000406: Using bytecode reflection optimizer
2023-10-26T12:58:32.472+02:00  INFO 79630 --- [           main] o.s.o.j.p.SpringPersistenceUnitInfo      : No LoadTimeWeaver setup: ignoring JPA class transformer
2023-10-26T12:58:33.139+02:00  INFO 79630 --- [           main] o.h.e.t.j.p.i.JtaPlatformInitiator       : HHH000489: No JTA platform available (set 'hibernate.transaction.jta.platform' to enable JTA platform integration)
2023-10-26T12:58:33.171+02:00  INFO 79630 --- [           main] j.LocalContainerEntityManagerFactoryBean : Initialized JPA EntityManagerFactory for persistence unit 'default'
2023-10-26T12:58:34.080+02:00  INFO 79630 --- [           main] c.m.f.u.sampledata.SampleDataLoading     : Loaded eShop users.
Users found with findAll():
---------------------------
User{id=1, passwordHash='{bcrypt}$2a$10$/id9dWcMsXHtr0aebVTBwes1QDt6PjuSEAfByicfp7iHefx/O9dTu', email='pepa@novak.cz', givenName='Pepa', surname='Novák', phone='603123456', address='Horní Kotěhůlky 12', joinedDate=2015-05-12, admin=false}
User{id=2, passwordHash='{bcrypt}$2a$10$69W53cZEnHxD5udQpDH82.2pDC3xYwtCafH9hbbKZFC4NGQJbXkRW', email='jiri@dvorak.cz', givenName='Jiří', surname='Dvořák', phone='603789123', address='Dolní Lhota 56', joinedDate=2015-03-05, admin=false}
User{id=3, passwordHash='{bcrypt}$2a$10$gaRmW/V/ijvxRIKUJd8naOgarWw6IgFdlEbaDqqMEXq7ZdnbZRxUO', email='eva@adamova.cz', givenName='Eva', surname='Adamová', phone='603457890', address='Zadní Polná 44', joinedDate=2015-06-05, admin=false}
User{id=4, passwordHash='{bcrypt}$2a$10$uUTTSmY7ApAh.5beoQH.wO.o5S2kl34B23m9LvzzxTjKFHUEBfvdG', email='admin@eshop.com', givenName='Josef', surname='Administrátor', phone='9999999999', address='Šumavská 15, Brno', joinedDate=2014-12-31, admin=true}

2023-10-26T12:58:34.190+02:00  WARN 79630 --- [           main] JpaBaseConfiguration$JpaWebConfiguration : spring.jpa.open-in-view is enabled by default. Therefore, database queries may be performed during view rendering. Explicitly configure spring.jpa.open-in-view to disable this warning
2023-10-26T12:58:34.277+02:00  INFO 79630 --- [           main] o.s.s.web.DefaultSecurityFilterChain     : Will secure any request with [org.springframework.security.web.session.DisableEncodeUrlFilter@289d9f0d, org.springframework.security.web.context.request.async.WebAsyncManagerIntegrationFilter@39aaa7db, org.springframework.security.web.context.SecurityContextHolderFilter@64ef9b9a, org.springframework.security.web.header.HeaderWriterFilter@60a4595e, org.springframework.security.web.csrf.CsrfFilter@5dc218e2, org.springframework.security.web.authentication.logout.LogoutFilter@6c3830ed, org.springframework.security.web.authentication.www.BasicAuthenticationFilter@72fc6b5e, org.springframework.security.web.savedrequest.RequestCacheAwareFilter@7640a191, org.springframework.security.web.servletapi.SecurityContextHolderAwareRequestFilter@7a6078d, org.springframework.security.web.authentication.AnonymousAuthenticationFilter@14a3a66c, org.springframework.security.web.access.ExceptionTranslationFilter@6919a8a, org.springframework.security.web.access.intercept.AuthorizationFilter@5f113867]
2023-10-26T12:58:34.558+02:00  INFO 79630 --- [           main] c.m.f.u.UserServiceApplicationTests      : Started UserServiceApplicationTests in 4.042 seconds (process running for 7.015)
]]></system-out>
  </testcase>
</testsuite>